Rules useless in parser due to conflicts

   10 declaration: %empty


State 4 conflicts: 7 shift/reduce, 6 reduce/reduce
State 72 conflicts: 14 shift/reduce
State 83 conflicts: 14 shift/reduce
State 93 conflicts: 1 shift/reduce


Grammar

    0 $accept: program $end

    1 program: scope

    2 scope: '{' declarations statements '}'

    3 declarations: declarations declaration
    4             | %empty

    5 statements: statements statement
    6           | %empty

    7 declaration: type ID ';'
    8            | type ID '=' expression ';'
    9            | CONST type ID '=' expression ';'
   10            | %empty

   11 statement: variable '=' expression ';'
   12          | IF '(' expression ')' statement
   13          | IF '(' expression ')' statement ELSE statement
   14          | WHILE '(' expression ')' statement
   15          | scope
   16          | ';'

   17 type: FLOAT_T
   18     | INT_T
   19     | BOOL_T
   20     | VEC_T
   21     | IVEC_T
   22     | BVEC_T

   23 expression: variable
   24           | constructor
   25           | function
   26           | INT_C
   27           | FLOAT_C
   28           | uniary_op expression
   29           | expression binary_op expression
   30           | FALSE_C
   31           | TRUE_C
   32           | '(' expression ')'

   33 variable: ID
   34         | ID '[' INT_T ']'

   35 uniary_op: '!'
   36          | UMINUS

   37 binary_op: OR
   38          | AND
   39          | '='
   40          | NEQ
   41          | '<'
   42          | LEQ
   43          | '>'
   44          | GEQ
   45          | EQ
   46          | '+'
   47          | '-'
   48          | '*'
   49          | '/'
   50          | '^'

   51 constructor: type '(' arguments ')'

   52 function: function_name '(' arguments_opt ')'

   53 function_name: FUNC

   54 arguments_opt: arguments
   55              | %empty

   56 arguments: arguments ',' expression arguments
   57          | expression


Terminals, with rules where they appear

$end (0) 0
'!' (33) 35
'(' (40) 12 13 14 32 51 52
')' (41) 12 13 14 32 51 52
'*' (42) 48
'+' (43) 46
',' (44) 56
'-' (45) 47
'/' (47) 49
';' (59) 7 8 9 11 16
'<' (60) 41
'=' (61) 8 9 11 39
'>' (62) 43
'[' (91) 34
']' (93) 34
'^' (94) 50
'{' (123) 2
'}' (125) 2
error (256)
FLOAT_T (258) 17
INT_T (259) 18 34
BOOL_T (260) 19
CONST (261) 9
FALSE_C (262) 30
TRUE_C (263) 31
FUNC (264) 53
IF (265) 12 13
WHILE (266) 14
ELSE (267) 13
AND (268) 38
OR (269) 37
NEQ (270) 40
EQ (271) 45
LEQ (272) 42
GEQ (273) 44
VEC_T (274) 20
BVEC_T (275) 22
IVEC_T (276) 21
FLOAT_C (277) 27
INT_C (278) 26
ID (279) 7 8 9 33 34
UMINUS (280) 36
NO_ELSE (281)


Nonterminals, with rules where they appear

$accept (44)
    on left: 0
program (45)
    on left: 1, on right: 0
scope (46)
    on left: 2, on right: 1 15
declarations (47)
    on left: 3 4, on right: 2 3
statements (48)
    on left: 5 6, on right: 2 5
declaration (49)
    on left: 7 8 9 10, on right: 3
statement (50)
    on left: 11 12 13 14 15 16, on right: 5 12 13 14
type (51)
    on left: 17 18 19 20 21 22, on right: 7 8 9 51
expression (52)
    on left: 23 24 25 26 27 28 29 30 31 32, on right: 8 9 11 12 13
    14 28 29 32 56 57
variable (53)
    on left: 33 34, on right: 11 23
uniary_op (54)
    on left: 35 36, on right: 28
binary_op (55)
    on left: 37 38 39 40 41 42 43 44 45 46 47 48 49 50, on right: 29
constructor (56)
    on left: 51, on right: 24
function (57)
    on left: 52, on right: 25
function_name (58)
    on left: 53, on right: 52
arguments_opt (59)
    on left: 54 55, on right: 52
arguments (60)
    on left: 56 57, on right: 51 54 56


State 0

    0 $accept: . program $end

    '{'  shift, and go to state 1

    program  go to state 2
    scope    go to state 3


State 1

    2 scope: '{' . declarations statements '}'

    $default  reduce using rule 4 (declarations)

    declarations  go to state 4


State 2

    0 $accept: program . $end

    $end  shift, and go to state 5


State 3

    1 program: scope .

    $default  reduce using rule 1 (program)


State 4

    2 scope: '{' declarations . statements '}'
    3 declarations: declarations . declaration

    FLOAT_T  shift, and go to state 6
    INT_T    shift, and go to state 7
    BOOL_T   shift, and go to state 8
    CONST    shift, and go to state 9
    VEC_T    shift, and go to state 10
    BVEC_T   shift, and go to state 11
    IVEC_T   shift, and go to state 12

    FLOAT_T   [reduce using rule 10 (declaration)]
    INT_T     [reduce using rule 10 (declaration)]
    BOOL_T    [reduce using rule 10 (declaration)]
    CONST     [reduce using rule 10 (declaration)]
    IF        reduce using rule 6 (statements)
    IF        [reduce using rule 10 (declaration)]
    WHILE     reduce using rule 6 (statements)
    WHILE     [reduce using rule 10 (declaration)]
    VEC_T     [reduce using rule 10 (declaration)]
    BVEC_T    [reduce using rule 10 (declaration)]
    IVEC_T    [reduce using rule 10 (declaration)]
    ID        reduce using rule 6 (statements)
    ID        [reduce using rule 10 (declaration)]
    '{'       reduce using rule 6 (statements)
    '{'       [reduce using rule 10 (declaration)]
    '}'       reduce using rule 6 (statements)
    '}'       [reduce using rule 10 (declaration)]
    ';'       reduce using rule 6 (statements)
    ';'       [reduce using rule 10 (declaration)]
    $default  reduce using rule 6 (statements)

    statements   go to state 13
    declaration  go to state 14
    type         go to state 15


State 5

    0 $accept: program $end .

    $default  accept


State 6

   17 type: FLOAT_T .

    $default  reduce using rule 17 (type)


State 7

   18 type: INT_T .

    $default  reduce using rule 18 (type)


State 8

   19 type: BOOL_T .

    $default  reduce using rule 19 (type)


State 9

    9 declaration: CONST . type ID '=' expression ';'

    FLOAT_T  shift, and go to state 6
    INT_T    shift, and go to state 7
    BOOL_T   shift, and go to state 8
    VEC_T    shift, and go to state 10
    BVEC_T   shift, and go to state 11
    IVEC_T   shift, and go to state 12

    type  go to state 16


State 10

   20 type: VEC_T .

    $default  reduce using rule 20 (type)


State 11

   22 type: BVEC_T .

    $default  reduce using rule 22 (type)


State 12

   21 type: IVEC_T .

    $default  reduce using rule 21 (type)


State 13

    2 scope: '{' declarations statements . '}'
    5 statements: statements . statement

    IF     shift, and go to state 17
    WHILE  shift, and go to state 18
    ID     shift, and go to state 19
    '{'    shift, and go to state 1
    '}'    shift, and go to state 20
    ';'    shift, and go to state 21

    scope      go to state 22
    statement  go to state 23
    variable   go to state 24


State 14

    3 declarations: declarations declaration .

    $default  reduce using rule 3 (declarations)


State 15

    7 declaration: type . ID ';'
    8            | type . ID '=' expression ';'

    ID  shift, and go to state 25


State 16

    9 declaration: CONST type . ID '=' expression ';'

    ID  shift, and go to state 26


State 17

   12 statement: IF . '(' expression ')' statement
   13          | IF . '(' expression ')' statement ELSE statement

    '('  shift, and go to state 27


State 18

   14 statement: WHILE . '(' expression ')' statement

    '('  shift, and go to state 28


State 19

   33 variable: ID .
   34         | ID . '[' INT_T ']'

    '['  shift, and go to state 29

    $default  reduce using rule 33 (variable)


State 20

    2 scope: '{' declarations statements '}' .

    $default  reduce using rule 2 (scope)


State 21

   16 statement: ';' .

    $default  reduce using rule 16 (statement)


State 22

   15 statement: scope .

    $default  reduce using rule 15 (statement)


State 23

    5 statements: statements statement .

    $default  reduce using rule 5 (statements)


State 24

   11 statement: variable . '=' expression ';'

    '='  shift, and go to state 30


State 25

    7 declaration: type ID . ';'
    8            | type ID . '=' expression ';'

    '='  shift, and go to state 31
    ';'  shift, and go to state 32


State 26

    9 declaration: CONST type ID . '=' expression ';'

    '='  shift, and go to state 33


State 27

   12 statement: IF '(' . expression ')' statement
   13          | IF '(' . expression ')' statement ELSE statement

    FLOAT_T  shift, and go to state 6
    INT_T    shift, and go to state 7
    BOOL_T   shift, and go to state 8
    FALSE_C  shift, and go to state 34
    TRUE_C   shift, and go to state 35
    FUNC     shift, and go to state 36
    VEC_T    shift, and go to state 10
    BVEC_T   shift, and go to state 11
    IVEC_T   shift, and go to state 12
    FLOAT_C  shift, and go to state 37
    INT_C    shift, and go to state 38
    ID       shift, and go to state 19
    '!'      shift, and go to state 39
    UMINUS   shift, and go to state 40
    '('      shift, and go to state 41

    type           go to state 42
    expression     go to state 43
    variable       go to state 44
    uniary_op      go to state 45
    constructor    go to state 46
    function       go to state 47
    function_name  go to state 48


State 28

   14 statement: WHILE '(' . expression ')' statement

    FLOAT_T  shift, and go to state 6
    INT_T    shift, and go to state 7
    BOOL_T   shift, and go to state 8
    FALSE_C  shift, and go to state 34
    TRUE_C   shift, and go to state 35
    FUNC     shift, and go to state 36
    VEC_T    shift, and go to state 10
    BVEC_T   shift, and go to state 11
    IVEC_T   shift, and go to state 12
    FLOAT_C  shift, and go to state 37
    INT_C    shift, and go to state 38
    ID       shift, and go to state 19
    '!'      shift, and go to state 39
    UMINUS   shift, and go to state 40
    '('      shift, and go to state 41

    type           go to state 42
    expression     go to state 49
    variable       go to state 44
    uniary_op      go to state 45
    constructor    go to state 46
    function       go to state 47
    function_name  go to state 48


State 29

   34 variable: ID '[' . INT_T ']'

    INT_T  shift, and go to state 50


State 30

   11 statement: variable '=' . expression ';'

    FLOAT_T  shift, and go to state 6
    INT_T    shift, and go to state 7
    BOOL_T   shift, and go to state 8
    FALSE_C  shift, and go to state 34
    TRUE_C   shift, and go to state 35
    FUNC     shift, and go to state 36
    VEC_T    shift, and go to state 10
    BVEC_T   shift, and go to state 11
    IVEC_T   shift, and go to state 12
    FLOAT_C  shift, and go to state 37
    INT_C    shift, and go to state 38
    ID       shift, and go to state 19
    '!'      shift, and go to state 39
    UMINUS   shift, and go to state 40
    '('      shift, and go to state 41

    type           go to state 42
    expression     go to state 51
    variable       go to state 44
    uniary_op      go to state 45
    constructor    go to state 46
    function       go to state 47
    function_name  go to state 48


State 31

    8 declaration: type ID '=' . expression ';'

    FLOAT_T  shift, and go to state 6
    INT_T    shift, and go to state 7
    BOOL_T   shift, and go to state 8
    FALSE_C  shift, and go to state 34
    TRUE_C   shift, and go to state 35
    FUNC     shift, and go to state 36
    VEC_T    shift, and go to state 10
    BVEC_T   shift, and go to state 11
    IVEC_T   shift, and go to state 12
    FLOAT_C  shift, and go to state 37
    INT_C    shift, and go to state 38
    ID       shift, and go to state 19
    '!'      shift, and go to state 39
    UMINUS   shift, and go to state 40
    '('      shift, and go to state 41

    type           go to state 42
    expression     go to state 52
    variable       go to state 44
    uniary_op      go to state 45
    constructor    go to state 46
    function       go to state 47
    function_name  go to state 48


State 32

    7 declaration: type ID ';' .

    $default  reduce using rule 7 (declaration)


State 33

    9 declaration: CONST type ID '=' . expression ';'

    FLOAT_T  shift, and go to state 6
    INT_T    shift, and go to state 7
    BOOL_T   shift, and go to state 8
    FALSE_C  shift, and go to state 34
    TRUE_C   shift, and go to state 35
    FUNC     shift, and go to state 36
    VEC_T    shift, and go to state 10
    BVEC_T   shift, and go to state 11
    IVEC_T   shift, and go to state 12
    FLOAT_C  shift, and go to state 37
    INT_C    shift, and go to state 38
    ID       shift, and go to state 19
    '!'      shift, and go to state 39
    UMINUS   shift, and go to state 40
    '('      shift, and go to state 41

    type           go to state 42
    expression     go to state 53
    variable       go to state 44
    uniary_op      go to state 45
    constructor    go to state 46
    function       go to state 47
    function_name  go to state 48


State 34

   30 expression: FALSE_C .

    $default  reduce using rule 30 (expression)


State 35

   31 expression: TRUE_C .

    $default  reduce using rule 31 (expression)


State 36

   53 function_name: FUNC .

    $default  reduce using rule 53 (function_name)


State 37

   27 expression: FLOAT_C .

    $default  reduce using rule 27 (expression)


State 38

   26 expression: INT_C .

    $default  reduce using rule 26 (expression)


State 39

   35 uniary_op: '!' .

    $default  reduce using rule 35 (uniary_op)


State 40

   36 uniary_op: UMINUS .

    $default  reduce using rule 36 (uniary_op)


State 41

   32 expression: '(' . expression ')'

    FLOAT_T  shift, and go to state 6
    INT_T    shift, and go to state 7
    BOOL_T   shift, and go to state 8
    FALSE_C  shift, and go to state 34
    TRUE_C   shift, and go to state 35
    FUNC     shift, and go to state 36
    VEC_T    shift, and go to state 10
    BVEC_T   shift, and go to state 11
    IVEC_T   shift, and go to state 12
    FLOAT_C  shift, and go to state 37
    INT_C    shift, and go to state 38
    ID       shift, and go to state 19
    '!'      shift, and go to state 39
    UMINUS   shift, and go to state 40
    '('      shift, and go to state 41

    type           go to state 42
    expression     go to state 54
    variable       go to state 44
    uniary_op      go to state 45
    constructor    go to state 46
    function       go to state 47
    function_name  go to state 48


State 42

   51 constructor: type . '(' arguments ')'

    '('  shift, and go to state 55


State 43

   12 statement: IF '(' expression . ')' statement
   13          | IF '(' expression . ')' statement ELSE statement
   29 expression: expression . binary_op expression

    AND  shift, and go to state 56
    OR   shift, and go to state 57
    NEQ  shift, and go to state 58
    EQ   shift, and go to state 59
    LEQ  shift, and go to state 60
    GEQ  shift, and go to state 61
    '='  shift, and go to state 62
    '<'  shift, and go to state 63
    '>'  shift, and go to state 64
    '+'  shift, and go to state 65
    '-'  shift, and go to state 66
    '*'  shift, and go to state 67
    '/'  shift, and go to state 68
    '^'  shift, and go to state 69
    ')'  shift, and go to state 70

    binary_op  go to state 71


State 44

   23 expression: variable .

    $default  reduce using rule 23 (expression)


State 45

   28 expression: uniary_op . expression

    FLOAT_T  shift, and go to state 6
    INT_T    shift, and go to state 7
    BOOL_T   shift, and go to state 8
    FALSE_C  shift, and go to state 34
    TRUE_C   shift, and go to state 35
    FUNC     shift, and go to state 36
    VEC_T    shift, and go to state 10
    BVEC_T   shift, and go to state 11
    IVEC_T   shift, and go to state 12
    FLOAT_C  shift, and go to state 37
    INT_C    shift, and go to state 38
    ID       shift, and go to state 19
    '!'      shift, and go to state 39
    UMINUS   shift, and go to state 40
    '('      shift, and go to state 41

    type           go to state 42
    expression     go to state 72
    variable       go to state 44
    uniary_op      go to state 45
    constructor    go to state 46
    function       go to state 47
    function_name  go to state 48


State 46

   24 expression: constructor .

    $default  reduce using rule 24 (expression)


State 47

   25 expression: function .

    $default  reduce using rule 25 (expression)


State 48

   52 function: function_name . '(' arguments_opt ')'

    '('  shift, and go to state 73


State 49

   14 statement: WHILE '(' expression . ')' statement
   29 expression: expression . binary_op expression

    AND  shift, and go to state 56
    OR   shift, and go to state 57
    NEQ  shift, and go to state 58
    EQ   shift, and go to state 59
    LEQ  shift, and go to state 60
    GEQ  shift, and go to state 61
    '='  shift, and go to state 62
    '<'  shift, and go to state 63
    '>'  shift, and go to state 64
    '+'  shift, and go to state 65
    '-'  shift, and go to state 66
    '*'  shift, and go to state 67
    '/'  shift, and go to state 68
    '^'  shift, and go to state 69
    ')'  shift, and go to state 74

    binary_op  go to state 71


State 50

   34 variable: ID '[' INT_T . ']'

    ']'  shift, and go to state 75


State 51

   11 statement: variable '=' expression . ';'
   29 expression: expression . binary_op expression

    AND  shift, and go to state 56
    OR   shift, and go to state 57
    NEQ  shift, and go to state 58
    EQ   shift, and go to state 59
    LEQ  shift, and go to state 60
    GEQ  shift, and go to state 61
    '='  shift, and go to state 62
    '<'  shift, and go to state 63
    '>'  shift, and go to state 64
    '+'  shift, and go to state 65
    '-'  shift, and go to state 66
    '*'  shift, and go to state 67
    '/'  shift, and go to state 68
    '^'  shift, and go to state 69
    ';'  shift, and go to state 76

    binary_op  go to state 71


State 52

    8 declaration: type ID '=' expression . ';'
   29 expression: expression . binary_op expression

    AND  shift, and go to state 56
    OR   shift, and go to state 57
    NEQ  shift, and go to state 58
    EQ   shift, and go to state 59
    LEQ  shift, and go to state 60
    GEQ  shift, and go to state 61
    '='  shift, and go to state 62
    '<'  shift, and go to state 63
    '>'  shift, and go to state 64
    '+'  shift, and go to state 65
    '-'  shift, and go to state 66
    '*'  shift, and go to state 67
    '/'  shift, and go to state 68
    '^'  shift, and go to state 69
    ';'  shift, and go to state 77

    binary_op  go to state 71


State 53

    9 declaration: CONST type ID '=' expression . ';'
   29 expression: expression . binary_op expression

    AND  shift, and go to state 56
    OR   shift, and go to state 57
    NEQ  shift, and go to state 58
    EQ   shift, and go to state 59
    LEQ  shift, and go to state 60
    GEQ  shift, and go to state 61
    '='  shift, and go to state 62
    '<'  shift, and go to state 63
    '>'  shift, and go to state 64
    '+'  shift, and go to state 65
    '-'  shift, and go to state 66
    '*'  shift, and go to state 67
    '/'  shift, and go to state 68
    '^'  shift, and go to state 69
    ';'  shift, and go to state 78

    binary_op  go to state 71


State 54

   29 expression: expression . binary_op expression
   32           | '(' expression . ')'

    AND  shift, and go to state 56
    OR   shift, and go to state 57
    NEQ  shift, and go to state 58
    EQ   shift, and go to state 59
    LEQ  shift, and go to state 60
    GEQ  shift, and go to state 61
    '='  shift, and go to state 62
    '<'  shift, and go to state 63
    '>'  shift, and go to state 64
    '+'  shift, and go to state 65
    '-'  shift, and go to state 66
    '*'  shift, and go to state 67
    '/'  shift, and go to state 68
    '^'  shift, and go to state 69
    ')'  shift, and go to state 79

    binary_op  go to state 71


State 55

   51 constructor: type '(' . arguments ')'

    FLOAT_T  shift, and go to state 6
    INT_T    shift, and go to state 7
    BOOL_T   shift, and go to state 8
    FALSE_C  shift, and go to state 34
    TRUE_C   shift, and go to state 35
    FUNC     shift, and go to state 36
    VEC_T    shift, and go to state 10
    BVEC_T   shift, and go to state 11
    IVEC_T   shift, and go to state 12
    FLOAT_C  shift, and go to state 37
    INT_C    shift, and go to state 38
    ID       shift, and go to state 19
    '!'      shift, and go to state 39
    UMINUS   shift, and go to state 40
    '('      shift, and go to state 41

    type           go to state 42
    expression     go to state 80
    variable       go to state 44
    uniary_op      go to state 45
    constructor    go to state 46
    function       go to state 47
    function_name  go to state 48
    arguments      go to state 81


State 56

   38 binary_op: AND .

    $default  reduce using rule 38 (binary_op)


State 57

   37 binary_op: OR .

    $default  reduce using rule 37 (binary_op)


State 58

   40 binary_op: NEQ .

    $default  reduce using rule 40 (binary_op)


State 59

   45 binary_op: EQ .

    $default  reduce using rule 45 (binary_op)


State 60

   42 binary_op: LEQ .

    $default  reduce using rule 42 (binary_op)


State 61

   44 binary_op: GEQ .

    $default  reduce using rule 44 (binary_op)


State 62

   39 binary_op: '=' .

    $default  reduce using rule 39 (binary_op)


State 63

   41 binary_op: '<' .

    $default  reduce using rule 41 (binary_op)


State 64

   43 binary_op: '>' .

    $default  reduce using rule 43 (binary_op)


State 65

   46 binary_op: '+' .

    $default  reduce using rule 46 (binary_op)


State 66

   47 binary_op: '-' .

    $default  reduce using rule 47 (binary_op)


State 67

   48 binary_op: '*' .

    $default  reduce using rule 48 (binary_op)


State 68

   49 binary_op: '/' .

    $default  reduce using rule 49 (binary_op)


State 69

   50 binary_op: '^' .

    $default  reduce using rule 50 (binary_op)


State 70

   12 statement: IF '(' expression ')' . statement
   13          | IF '(' expression ')' . statement ELSE statement

    IF     shift, and go to state 17
    WHILE  shift, and go to state 18
    ID     shift, and go to state 19
    '{'    shift, and go to state 1
    ';'    shift, and go to state 21

    scope      go to state 22
    statement  go to state 82
    variable   go to state 24


State 71

   29 expression: expression binary_op . expression

    FLOAT_T  shift, and go to state 6
    INT_T    shift, and go to state 7
    BOOL_T   shift, and go to state 8
    FALSE_C  shift, and go to state 34
    TRUE_C   shift, and go to state 35
    FUNC     shift, and go to state 36
    VEC_T    shift, and go to state 10
    BVEC_T   shift, and go to state 11
    IVEC_T   shift, and go to state 12
    FLOAT_C  shift, and go to state 37
    INT_C    shift, and go to state 38
    ID       shift, and go to state 19
    '!'      shift, and go to state 39
    UMINUS   shift, and go to state 40
    '('      shift, and go to state 41

    type           go to state 42
    expression     go to state 83
    variable       go to state 44
    uniary_op      go to state 45
    constructor    go to state 46
    function       go to state 47
    function_name  go to state 48


State 72

   28 expression: uniary_op expression .
   29           | expression . binary_op expression

    AND  shift, and go to state 56
    OR   shift, and go to state 57
    NEQ  shift, and go to state 58
    EQ   shift, and go to state 59
    LEQ  shift, and go to state 60
    GEQ  shift, and go to state 61
    '='  shift, and go to state 62
    '<'  shift, and go to state 63
    '>'  shift, and go to state 64
    '+'  shift, and go to state 65
    '-'  shift, and go to state 66
    '*'  shift, and go to state 67
    '/'  shift, and go to state 68
    '^'  shift, and go to state 69

    AND       [reduce using rule 28 (expression)]
    OR        [reduce using rule 28 (expression)]
    NEQ       [reduce using rule 28 (expression)]
    EQ        [reduce using rule 28 (expression)]
    LEQ       [reduce using rule 28 (expression)]
    GEQ       [reduce using rule 28 (expression)]
    '='       [reduce using rule 28 (expression)]
    '<'       [reduce using rule 28 (expression)]
    '>'       [reduce using rule 28 (expression)]
    '+'       [reduce using rule 28 (expression)]
    '-'       [reduce using rule 28 (expression)]
    '*'       [reduce using rule 28 (expression)]
    '/'       [reduce using rule 28 (expression)]
    '^'       [reduce using rule 28 (expression)]
    $default  reduce using rule 28 (expression)

    binary_op  go to state 71


State 73

   52 function: function_name '(' . arguments_opt ')'

    FLOAT_T  shift, and go to state 6
    INT_T    shift, and go to state 7
    BOOL_T   shift, and go to state 8
    FALSE_C  shift, and go to state 34
    TRUE_C   shift, and go to state 35
    FUNC     shift, and go to state 36
    VEC_T    shift, and go to state 10
    BVEC_T   shift, and go to state 11
    IVEC_T   shift, and go to state 12
    FLOAT_C  shift, and go to state 37
    INT_C    shift, and go to state 38
    ID       shift, and go to state 19
    '!'      shift, and go to state 39
    UMINUS   shift, and go to state 40
    '('      shift, and go to state 41

    $default  reduce using rule 55 (arguments_opt)

    type           go to state 42
    expression     go to state 80
    variable       go to state 44
    uniary_op      go to state 45
    constructor    go to state 46
    function       go to state 47
    function_name  go to state 48
    arguments_opt  go to state 84
    arguments      go to state 85


State 74

   14 statement: WHILE '(' expression ')' . statement

    IF     shift, and go to state 17
    WHILE  shift, and go to state 18
    ID     shift, and go to state 19
    '{'    shift, and go to state 1
    ';'    shift, and go to state 21

    scope      go to state 22
    statement  go to state 86
    variable   go to state 24


State 75

   34 variable: ID '[' INT_T ']' .

    $default  reduce using rule 34 (variable)


State 76

   11 statement: variable '=' expression ';' .

    $default  reduce using rule 11 (statement)


State 77

    8 declaration: type ID '=' expression ';' .

    $default  reduce using rule 8 (declaration)


State 78

    9 declaration: CONST type ID '=' expression ';' .

    $default  reduce using rule 9 (declaration)


State 79

   32 expression: '(' expression ')' .

    $default  reduce using rule 32 (expression)


State 80

   29 expression: expression . binary_op expression
   57 arguments: expression .

    AND  shift, and go to state 56
    OR   shift, and go to state 57
    NEQ  shift, and go to state 58
    EQ   shift, and go to state 59
    LEQ  shift, and go to state 60
    GEQ  shift, and go to state 61
    '='  shift, and go to state 62
    '<'  shift, and go to state 63
    '>'  shift, and go to state 64
    '+'  shift, and go to state 65
    '-'  shift, and go to state 66
    '*'  shift, and go to state 67
    '/'  shift, and go to state 68
    '^'  shift, and go to state 69

    $default  reduce using rule 57 (arguments)

    binary_op  go to state 71


State 81

   51 constructor: type '(' arguments . ')'
   56 arguments: arguments . ',' expression arguments

    ')'  shift, and go to state 87
    ','  shift, and go to state 88


State 82

   12 statement: IF '(' expression ')' statement .
   13          | IF '(' expression ')' statement . ELSE statement

    ELSE  shift, and go to state 89

    $default  reduce using rule 12 (statement)


State 83

   29 expression: expression . binary_op expression
   29           | expression binary_op expression .

    AND  shift, and go to state 56
    OR   shift, and go to state 57
    NEQ  shift, and go to state 58
    EQ   shift, and go to state 59
    LEQ  shift, and go to state 60
    GEQ  shift, and go to state 61
    '='  shift, and go to state 62
    '<'  shift, and go to state 63
    '>'  shift, and go to state 64
    '+'  shift, and go to state 65
    '-'  shift, and go to state 66
    '*'  shift, and go to state 67
    '/'  shift, and go to state 68
    '^'  shift, and go to state 69

    AND       [reduce using rule 29 (expression)]
    OR        [reduce using rule 29 (expression)]
    NEQ       [reduce using rule 29 (expression)]
    EQ        [reduce using rule 29 (expression)]
    LEQ       [reduce using rule 29 (expression)]
    GEQ       [reduce using rule 29 (expression)]
    '='       [reduce using rule 29 (expression)]
    '<'       [reduce using rule 29 (expression)]
    '>'       [reduce using rule 29 (expression)]
    '+'       [reduce using rule 29 (expression)]
    '-'       [reduce using rule 29 (expression)]
    '*'       [reduce using rule 29 (expression)]
    '/'       [reduce using rule 29 (expression)]
    '^'       [reduce using rule 29 (expression)]
    $default  reduce using rule 29 (expression)

    binary_op  go to state 71


State 84

   52 function: function_name '(' arguments_opt . ')'

    ')'  shift, and go to state 90


State 85

   54 arguments_opt: arguments .
   56 arguments: arguments . ',' expression arguments

    ','  shift, and go to state 88

    $default  reduce using rule 54 (arguments_opt)


State 86

   14 statement: WHILE '(' expression ')' statement .

    $default  reduce using rule 14 (statement)


State 87

   51 constructor: type '(' arguments ')' .

    $default  reduce using rule 51 (constructor)


State 88

   56 arguments: arguments ',' . expression arguments

    FLOAT_T  shift, and go to state 6
    INT_T    shift, and go to state 7
    BOOL_T   shift, and go to state 8
    FALSE_C  shift, and go to state 34
    TRUE_C   shift, and go to state 35
    FUNC     shift, and go to state 36
    VEC_T    shift, and go to state 10
    BVEC_T   shift, and go to state 11
    IVEC_T   shift, and go to state 12
    FLOAT_C  shift, and go to state 37
    INT_C    shift, and go to state 38
    ID       shift, and go to state 19
    '!'      shift, and go to state 39
    UMINUS   shift, and go to state 40
    '('      shift, and go to state 41

    type           go to state 42
    expression     go to state 91
    variable       go to state 44
    uniary_op      go to state 45
    constructor    go to state 46
    function       go to state 47
    function_name  go to state 48


State 89

   13 statement: IF '(' expression ')' statement ELSE . statement

    IF     shift, and go to state 17
    WHILE  shift, and go to state 18
    ID     shift, and go to state 19
    '{'    shift, and go to state 1
    ';'    shift, and go to state 21

    scope      go to state 22
    statement  go to state 92
    variable   go to state 24


State 90

   52 function: function_name '(' arguments_opt ')' .

    $default  reduce using rule 52 (function)


State 91

   29 expression: expression . binary_op expression
   56 arguments: arguments ',' expression . arguments

    FLOAT_T  shift, and go to state 6
    INT_T    shift, and go to state 7
    BOOL_T   shift, and go to state 8
    FALSE_C  shift, and go to state 34
    TRUE_C   shift, and go to state 35
    FUNC     shift, and go to state 36
    AND      shift, and go to state 56
    OR       shift, and go to state 57
    NEQ      shift, and go to state 58
    EQ       shift, and go to state 59
    LEQ      shift, and go to state 60
    GEQ      shift, and go to state 61
    VEC_T    shift, and go to state 10
    BVEC_T   shift, and go to state 11
    IVEC_T   shift, and go to state 12
    FLOAT_C  shift, and go to state 37
    INT_C    shift, and go to state 38
    ID       shift, and go to state 19
    '='      shift, and go to state 62
    '<'      shift, and go to state 63
    '>'      shift, and go to state 64
    '+'      shift, and go to state 65
    '-'      shift, and go to state 66
    '*'      shift, and go to state 67
    '/'      shift, and go to state 68
    '^'      shift, and go to state 69
    '!'      shift, and go to state 39
    UMINUS   shift, and go to state 40
    '('      shift, and go to state 41

    type           go to state 42
    expression     go to state 80
    variable       go to state 44
    uniary_op      go to state 45
    binary_op      go to state 71
    constructor    go to state 46
    function       go to state 47
    function_name  go to state 48
    arguments      go to state 93


State 92

   13 statement: IF '(' expression ')' statement ELSE statement .

    $default  reduce using rule 13 (statement)


State 93

   56 arguments: arguments . ',' expression arguments
   56          | arguments ',' expression arguments .

    ','  shift, and go to state 88

    ','       [reduce using rule 56 (arguments)]
    $default  reduce using rule 56 (arguments)
